[2024-03-26 02:41:17] [32minfo[39m: 	[32mrunning..[39m
[2024-03-26 02:41:37] [32minfo[39m: 	[32mrunning..[39m
[2024-03-26 02:42:04] [32minfo[39m:	[32mrunning..[39m
[2024-03-26 02:43:40] [32minfo[39m:	[32mServer running on port 3000[39m
[2024-03-26 02:44:39] [32minfo[39m:	[32mServer running on port 3000[39m
[2024-03-26 02:45:59] [32minfo[39m:	[32mServer running on port 3000[39m
[2024-03-26 02:46:20] [32minfo[39m:	[32mServer running on port 3000[39m
[2024-03-26 02:47:10] [32minfo[39m:	[32mServer running on port 3000[39m
[2024-03-26 02:47:39] [33mwarn[39m:	[33mthis[39m
[2024-03-26 02:47:39] [32minfo[39m:	[32mServer running on port 3000[39m
[2024-03-26 02:47:51] [31merror[39m:	[31mthis[39m
[2024-03-26 02:47:51] [32minfo[39m:	[32mServer running on port 3000[39m
[2024-03-26 02:48:01] [32minfo[39m:	[32mServer running on port 3000[39m
[2024-03-27 05:42:45] [32minfo[39m:	[32mServer running on port 3000[39m
[2024-03-27 05:49:32] [32minfo[39m:	[32mServer running on port 3000[39m
[2024-03-28 06:16:02] [32minfo[39m:	[32mServer running on port 3000[39m
[2024-03-28 06:16:45] [32minfo[39m:	[32mServer running on port 3000[39m
[2024-03-28 06:26:12] [32minfo[39m:	[32mServer running on port 3000[39m
[2024-03-28 06:28:50] [32minfo[39m:	[32mServer running on port 3000[39m
[2024-03-28 06:33:55] [32minfo[39m:	[32mConectado![39m
[2024-03-28 06:33:55] [32minfo[39m:	[32mServer running on port 3000[39m
[2024-03-28 06:35:44] [31merror[39m:	[31mbad auth : authentication failed[39m
[2024-03-28 06:35:56] [32minfo[39m:	[32mConectado![39m
[2024-03-28 06:35:56] [32minfo[39m:	[32mServer running on port 3000[39m
[2024-03-29 08:47:54] [32minfo[39m:	[32mConectado![39m
[2024-03-29 08:47:54] [32minfo[39m:	[32mServer running on port 3000[39m
[2024-03-29 09:09:19] [32minfo[39m:	[32mConectado![39m
[2024-03-29 09:09:19] [32minfo[39m:	[32mServer running on port 3000[39m
[2024-03-29 09:36:32] [32minfo[39m:	[32mConectado![39m
[2024-03-29 09:36:32] [32minfo[39m:	[32mServer running on port 3000[39m
[2024-03-29 09:40:27] [32minfo[39m:	[32mConectado![39m
[2024-03-29 09:40:27] [32minfo[39m:	[32mServer running on port 3000[39m
[2024-03-29 09:43:03] [32minfo[39m:	[32mConectado![39m
[2024-03-29 09:43:03] [32minfo[39m:	[32mServer running on port 3000[39m
[2024-03-29 09:50:16] [32minfo[39m:	[32mConectado![39m
[2024-03-29 09:50:16] [32minfo[39m:	[32mServer running on port 3000[39m
[2024-03-29 09:54:27] [32minfo[39m:	[32mConectado![39m
[2024-03-29 09:54:27] [32minfo[39m:	[32mServer running on port 3000[39m
[2024-03-29 09:57:13] [32minfo[39m:	[32mConectado![39m
[2024-03-29 09:57:13] [32minfo[39m:	[32mServer running on port 3000[39m
[2024-03-29 10:11:05] [32minfo[39m:	[32mConectado![39m
[2024-03-29 10:11:05] [32minfo[39m:	[32mServer running on port 3000[39m
[2024-03-29 02:01:02] [31merror[39m:	[31mbad auth : Authentication failed.[39m
[2024-03-29 02:02:37] [31merror[39m:	[31mbad auth : Authentication failed.[39m
[2024-03-29 02:03:48] [31merror[39m:	[31mbad auth : Authentication failed.[39m
[2024-03-29 02:05:01] [32minfo[39m:	[32mConectado![39m
[2024-03-29 02:05:01] [32minfo[39m:	[32mServer running on port 3000[39m
[2024-03-29 02:05:25] [32minfo[39m:	[32mjulio[39m
[2024-03-29 02:05:26] [32minfo[39m:	[32mConectado![39m
[2024-03-29 02:05:26] [32minfo[39m:	[32mServer running on port 3000[39m
[2024-03-29 02:06:10] [32minfo[39m:	[32mjulio[39m
[2024-03-29 02:06:12] [32minfo[39m:	[32mConectado![39m
[2024-03-29 02:06:12] [32minfo[39m:	[32mServer running on port 3000[39m
[2024-03-29 02:06:28] [32minfo[39m:	[32mjulio[39m
[2024-03-29 02:06:29] [32minfo[39m:	[32mConectado![39m
[2024-03-29 02:06:29] [32minfo[39m:	[32mServer running on port 3000[39m
[2024-03-29 02:07:22] [32minfo[39m:	[32mjulio[39m
[2024-03-29 02:07:23] [32minfo[39m:	[32mConectado![39m
[2024-03-29 02:07:23] [32minfo[39m:	[32mServer running on port 3000[39m
[2024-03-29 02:09:17] [32minfo[39m:	[32mjulio[39m
[2024-03-29 02:09:18] [32minfo[39m:	[32mConectado![39m
[2024-03-29 02:09:18] [32minfo[39m:	[32mServer running on port 3000[39m
[2024-03-29 02:09:23] [32minfo[39m:	[32mjulio[39m
[2024-03-29 02:09:24] [32minfo[39m:	[32mConectado![39m
[2024-03-29 02:09:24] [32minfo[39m:	[32mServer running on port 3000[39m
[2024-03-29 02:10:05] [32minfo[39m:	[32m[32minfo[32m[39m
[2024-03-29 02:10:07] [32minfo[39m:	[32mConectado![39m
[2024-03-29 02:10:07] [32minfo[39m:	[32mServer running on port 3000[39m
[2024-03-29 02:11:08] [32minfo[39m:	[32m[32minfo[32m[39m
[2024-03-29 02:11:10] [32minfo[39m:	[32mConectado![39m
[2024-03-29 02:11:10] [32minfo[39m:	[32mServer running on port 3000[39m
[2024-03-29 02:11:17] [32minfo[39m:	[32m[32minfo[32m[39m
[2024-03-29 02:11:18] [32minfo[39m:	[32mConectado![39m
[2024-03-29 02:11:18] [32minfo[39m:	[32mServer running on port 3000[39m
[2024-03-29 02:11:52] [32minfo[39m:	[32mConectado![39m
[2024-03-29 02:11:52] [32minfo[39m:	[32mServer running on port 3000[39m
[2024-03-29 02:12:04] [32minfo[39m:	[32m[32minfo[32m[39m
[2024-03-29 02:12:05] [32minfo[39m:	[32mConectado![39m
[2024-03-29 02:12:05] [32minfo[39m:	[32mServer running on port 3000[39m
[2024-03-29 02:12:20] [32minfo[39m:	[32m[32minfo[32m[39m
[2024-03-29 02:12:22] [32minfo[39m:	[32mConectado![39m
[2024-03-29 02:12:22] [32minfo[39m:	[32mServer running on port undefined[39m
[2024-03-29 02:13:10] [32minfo[39m:	[32m[32minfo[32m[39m
[2024-03-29 02:13:11] [32minfo[39m:	[32mConectado![39m
[2024-03-29 02:13:11] [32minfo[39m:	[32mServer running on port undefined[39m
[2024-03-29 02:13:23] [32minfo[39m:	[32m[32minfo[32m[39m
[2024-03-29 02:13:24] [32minfo[39m:	[32mConectado![39m
[2024-03-29 02:13:24] [32minfo[39m:	[32mServer running on port 3000[39m
[2024-03-29 02:13:46] [32minfo[39m:	[32m[32minfo[32m[39m
[2024-03-29 02:13:47] [32minfo[39m:	[32mConectado![39m
[2024-03-29 02:13:47] [32minfo[39m:	[32mServer running on port 3000[39m
[2024-03-29 02:13:59] [32minfo[39m:	[32m$pwd$Ba2[39m
[2024-03-29 02:14:00] [32minfo[39m:	[32mConectado![39m
[2024-03-29 02:14:00] [32minfo[39m:	[32mServer running on port 3000[39m
[2024-03-29 02:14:18] [32minfo[39m:	[32m$pwd$Ba2[39m
[2024-03-29 02:14:19] [32minfo[39m:	[32mConectado![39m
[2024-03-29 02:14:19] [32minfo[39m:	[32mServer running on port 3000[39m
[2024-03-29 02:14:32] [32minfo[39m:	[32mConectado![39m
[2024-03-29 02:14:32] [32minfo[39m:	[32mServer running on port 3000[39m
[2024-03-29 02:14:54] [31merror[39m:	[31mbad auth : Authentication failed.[39m
[2024-03-29 02:15:19] [31merror[39m:	[31mbad auth : Authentication failed.[39m
[2024-03-29 02:15:35] [31merror[39m:	[31mbad auth : Authentication failed.[39m
[2024-03-29 02:15:51] [31merror[39m:	[31mbad auth : Authentication failed.[39m
[2024-03-29 02:16:41] [32minfo[39m:	[32m$pwd$Ba2[39m
[2024-03-29 02:16:43] [31merror[39m:	[31mbad auth : Authentication failed.[39m
[2024-03-29 02:17:05] [32minfo[39m:	[32m$pwd$Ba2[39m
[2024-03-29 02:17:05] [32minfo[39m:	[32mjulio[39m
[2024-03-29 02:17:06] [31merror[39m:	[31mbad auth : Authentication failed.[39m
[2024-03-29 02:17:42] [32minfo[39m:	[32m$pwd$Ba2[39m
[2024-03-29 02:17:42] [32minfo[39m:	[32mjuliocfisica[39m
[2024-03-29 02:17:49] [32minfo[39m:	[32mConectado![39m
[2024-03-29 02:17:49] [32minfo[39m:	[32mServer running on port 3000[39m
[2024-03-29 02:18:26] [32minfo[39m:	[32mConectado![39m
[2024-03-29 02:18:26] [32minfo[39m:	[32mServer running on port 3000[39m
[2024-03-29 02:19:00] [32minfo[39m:	[32mConectado![39m
[2024-03-29 02:19:00] [32minfo[39m:	[32mServer running on port 3000[39m
